------------------------------------------------------------
activeSpinGlass_2D (v1) Simulation Started
2023-09-18.18:25:45
------------------------------------------------------------
 --> Total Number of particles = 160000
 --> Volume fraction, phi = 1
 --> Seed = 4
 --> Noise = 0.2
 --> Particle velocity = 1
 --> Ratio of Vicsek interaction radius to particle size = 1
 --> Ratio of Lx/Ly = 1
------------------------------------------------------------
 --> Initial Conditions Mode = R
------------------------------------------------------------
 --> Coupling Constants Mode = G
 ----> Average Coupling Constants, KAVG = 1 and standard deviation, STDK = 1
------------------------------------------------------------
 --> Timestep, dt = 0.005
 --> Recording Timestep, DT = 100
 --> Recording Timestep (precise) = 1000
 --> Equilibration Time = 9000
 --> Simulation Time = 1000
------------------------------------------------------------
 --> savePos = 1
 --> saveInitPos = 0
 --> saveForce = 0
 --> saveCoupling = 0
------------------------------------------------------------
 --> SDE solving method = E

Initializing in mode 'R', particles placed uniformly in the box
Initializing couplings in mode 'G', Gaussian distributed couplings
Initializing Euler-Maruyama method for solving the SDE
Neq = 1800000, Nsimul = 200000 and Nskip = 20000
Volume fraction is phi = 1
Check on the simulation after initialization: 
 --> Volume fraction = 1
